#
# There is insufficient memory for the Java Runtime Environment to continue.
# Native memory allocation (malloc) failed to allocate 32744 bytes for ChunkPool::allocate
# Possible reasons:
#   The system is out of physical RAM or swap space
#   The process is running with CompressedOops enabled, and the Java Heap may be blocking the growth of the native heap
# Possible solutions:
#   Reduce memory load on the system
#   Increase physical memory or swap space
#   Check if swap backing store is full
#   Decrease Java heap size (-Xmx/-Xms)
#   Decrease number of Java threads
#   Decrease Java thread stack sizes (-Xss)
#   Set larger code cache with -XX:ReservedCodeCacheSize=
#   JVM is running with Unscaled Compressed Oops mode in which the Java heap is
#     placed in the first 4GB address space. The Java Heap base address is the
#     maximum limit for the native heap growth. Please use -XX:HeapBaseMinAddress
#     to set the Java Heap base and to place the Java Heap above 4GB virtual address.
# This output file may be truncated or incomplete.
#
#  Out of Memory Error (allocation.cpp:272), pid=796, tid=0x00000000000000f4
#
# JRE version: OpenJDK Runtime Environment (8.0_242-b01) (build 1.8.0_242-release-1644-b01)
# Java VM: OpenJDK 64-Bit Server VM (25.242-b01 mixed mode windows-amd64 compressed oops)
# Failed to write core dump. Minidumps are not enabled by default on client versions of Windows
#

---------------  T H R E A D  ---------------

Current thread (0x0000000017666000):  JavaThread "C2 CompilerThread0" daemon [_thread_in_native, id=244, stack(0x0000000018cd0000,0x0000000018dd0000)]

Stack: [0x0000000018cd0000,0x0000000018dd0000]
[error occurred during error reporting (printing stack bounds), id 0xc0000005]

Native frames: (J=compiled Java code, j=interpreted, Vv=VM code, C=native code)


Current CompileTask:
C2:  35005 4599       4       com.sun.beans.TypeResolver::resolve (37 bytes)


---------------  P R O C E S S  ---------------

Java Threads: ( => current thread )
  0x000000001e85e000 JavaThread "Cache worker for Build Output Cleanup Cache (C:\Users\roberto escobar\Desktop\MobilityApp\.gradle\buildOutputCleanup)" [_thread_blocked, id=6840, stack(0x00000000227d0000,0x00000000228d0000)]
  0x000000001e856800 JavaThread "Build operations Thread 4" [_thread_blocked, id=9284, stack(0x00000000220d0000,0x00000000221d0000)]
  0x000000001e85d000 JavaThread "Build operations Thread 3" [_thread_blocked, id=12080, stack(0x0000000021fd0000,0x00000000220d0000)]
  0x000000001e858800 JavaThread "Build operations Thread 2" [_thread_blocked, id=10196, stack(0x0000000021ed0000,0x0000000021fd0000)]
  0x000000001e85a000 JavaThread "Build operations" [_thread_blocked, id=10020, stack(0x0000000021dd0000,0x0000000021ed0000)]
  0x000000001767e800 JavaThread "Cache worker for execution history cache (C:\Users\roberto escobar\.gradle\caches\6.1.1\executionHistory)" [_thread_blocked, id=3560, stack(0x0000000021040000,0x0000000021140000)]
  0x000000001767e000 JavaThread "Cache worker for cache directory md-rule (C:\Users\roberto escobar\.gradle\caches\6.1.1\md-rule)" [_thread_blocked, id=5664, stack(0x0000000020f40000,0x0000000021040000)]
  0x0000000017680000 JavaThread "Cache worker for cache directory md-supplier (C:\Users\roberto escobar\.gradle\caches\6.1.1\md-supplier)" [_thread_blocked, id=2704, stack(0x000000001fe60000,0x000000001ff60000)]
  0x0000000017684000 JavaThread "Cache worker for file hash cache (C:\Users\roberto escobar\Desktop\MobilityApp\.gradle\6.1.1\fileHashes)" [_thread_blocked, id=11880, stack(0x000000001f960000,0x000000001fa60000)]
  0x0000000017681000 JavaThread "Cache worker for checksums cache (C:\Users\roberto escobar\Desktop\MobilityApp\.gradle\checksums)" [_thread_blocked, id=6108, stack(0x000000001f860000,0x000000001f960000)]
  0x0000000017682800 JavaThread "Cache worker for file hash cache (C:\Users\roberto escobar\.gradle\caches\6.1.1\fileHashes)" [_thread_blocked, id=3528, stack(0x000000001e2f0000,0x000000001e3f0000)]
  0x0000000017683000 JavaThread "File lock request listener" [_thread_in_native, id=6028, stack(0x000000001e590000,0x000000001e690000)]
  0x000000001926e000 JavaThread "Cache worker for journal cache (C:\Users\roberto escobar\.gradle\caches\journal-1)" [_thread_blocked, id=11732, stack(0x000000001e1f0000,0x000000001e2f0000)]
  0x0000000019da4800 JavaThread "Thread-9" [_thread_blocked, id=1852, stack(0x000000001cf20000,0x000000001d020000)]
  0x00000000191b0800 JavaThread "Stdin handler" [_thread_blocked, id=12284, stack(0x000000001ce20000,0x000000001cf20000)]
  0x00000000191af800 JavaThread "Asynchronous log dispatcher for DefaultDaemonConnection: socket connection from /127.0.0.1:57671 to /127.0.0.1:57672" [_thread_blocked, id=2100, stack(0x000000001cd20000,0x000000001ce20000)]
  0x00000000191ae800 JavaThread "Daemon worker" [_thread_in_vm, id=10124, stack(0x000000001cc20000,0x000000001cd20000)]
  0x0000000019811000 JavaThread "Cancel handler" [_thread_blocked, id=8660, stack(0x000000001cb20000,0x000000001cc20000)]
  0x000000001961c000 JavaThread "Handler for socket connection from /127.0.0.1:57671 to /127.0.0.1:57672" [_thread_in_native, id=10916, stack(0x000000001c820000,0x000000001c920000)]
  0x0000000019b5f800 JavaThread "Daemon" [_thread_blocked, id=7880, stack(0x000000001c720000,0x000000001c820000)]
  0x0000000019b3c800 JavaThread "Daemon periodic checks" [_thread_blocked, id=11512, stack(0x000000001c620000,0x000000001c720000)]
  0x0000000019eb2800 JavaThread "Incoming local TCP Connector on port 57671" [_thread_in_native, id=7884, stack(0x000000001c3b0000,0x000000001c4b0000)]
  0x000000001ab7c800 JavaThread "Daemon health stats" [_thread_blocked, id=10548, stack(0x000000001bf70000,0x000000001c070000)]
  0x000000001900a800 JavaThread "Service Thread" daemon [_thread_blocked, id=10112, stack(0x00000000193d0000,0x00000000194d0000)]
  0x000000001767d000 JavaThread "C1 CompilerThread2" daemon [_thread_in_vm, id=10964, stack(0x0000000018ed0000,0x0000000018fd0000)]
  0x000000001766d000 JavaThread "C2 CompilerThread1" daemon [_thread_in_native, id=11720, stack(0x0000000018dd0000,0x0000000018ed0000)]
=>0x0000000017666000 JavaThread "C2 CompilerThread0" daemon [_thread_in_native, id=244, stack(0x0000000018cd0000,0x0000000018dd0000)]
  0x0000000017664800 JavaThread "Attach Listener" daemon [_thread_blocked, id=1360, stack(0x0000000018bd0000,0x0000000018cd0000)]
  0x0000000017663000 JavaThread "Signal Dispatcher" daemon [_thread_blocked, id=2884, stack(0x0000000018ad0000,0x0000000018bd0000)]
  0x0000000002a3b800 JavaThread "Finalizer" daemon [_thread_blocked, id=1280, stack(0x00000000188b0000,0x00000000189b0000)]
  0x0000000017649000 JavaThread "Reference Handler" daemon [_thread_blocked, id=11916, stack(0x00000000187b0000,0x00000000188b0000)]
  0x0000000002942800 JavaThread "main" [_thread_blocked, id=5272, stack(0x0000000002840000,0x0000000002940000)]

Other Threads:
  0x0000000017626800 VMThread [stack: 0x00000000186b0000,0x00000000187b0000] [id=4064]
  0x000000001901c800 WatcherThread [stack: 0x00000000194d0000,0x00000000195d0000] [id=7652]

VM state:not at safepoint (normal execution)

VM Mutex/Monitor currently owned by a thread: None

heap address: 0x0000000080000000, size: 2048 MB, Compressed Oops mode: 32-bit
Narrow klass base: 0x0000000000000000, Narrow klass shift: 3
Compressed class space size: 1073741824 Address: 0x0000000100000000

Heap:
 PSYoungGen      total 143872K, used 125849K [0x00000000d5580000, 0x00000000df680000, 0x0000000100000000)
  eden space 131584K, 86% used [0x00000000d5580000,0x00000000dc4bfc58,0x00000000dd600000)
  from space 12288K, 97% used [0x00000000dea80000,0x00000000df626a50,0x00000000df680000)
  to   space 15360K, 0% used [0x00000000dd880000,0x00000000dd880000,0x00000000de780000)
 ParOldGen       total 80384K, used 16743K [0x0000000080000000, 0x0000000084e80000, 0x00000000d5580000)
  object space 80384K, 20% used [0x0000000080000000,0x0000000081059ec8,0x0000000084e80000)
 Metaspace       used 50868K, capacity 52732K, committed 52912K, reserved 1095680K
  class space    used 6827K, capacity 7259K, committed 7344K, reserved 1048576K

Card table byte_map: [0x0000000011e00000,0x0000000012210000] byte_map_base: 0x0000000011a00000

Marking Bits: (ParMarkBitMap*) 0x000000005ef5f030
 Begin Bits: [0x00000000128c0000, 0x00000000148c0000)
 End Bits:   [0x00000000148c0000, 0x00000000168c0000)

Polling page: 0x0000000000fd0000

CodeCache: size=245760Kb used=15431Kb max_used=15431Kb free=230328Kb
 bounds [0x0000000002a40000, 0x0000000003960000, 0x0000000011a40000]
 total_blobs=5165 nmethods=4397 adapters=680
 compilation: enabled

Compilation events (10 events):
Event: 34.912 Thread 0x000000001767d000 nmethod 4667 0x0000000003959990 code [0x0000000003959b00, 0x0000000003959de8]
Event: 34.916 Thread 0x000000001767d000 4668       3       org.codehaus.groovy.runtime.metaclass.MetaMethodIndex$Header::<init> (26 bytes)
Event: 34.917 Thread 0x000000001767d000 nmethod 4668 0x0000000003959ed0 code [0x000000000395a040, 0x000000000395a2e8]
Event: 34.922 Thread 0x000000001767d000 4669   !   3       org.codehaus.groovy.reflection.CachedClass::makeAccessible (89 bytes)
Event: 34.923 Thread 0x000000001767d000 nmethod 4669 0x000000000395a410 code [0x000000000395a660, 0x000000000395b348]
Event: 34.953 Thread 0x000000001767d000 4671       3       jdk.internal.org.objectweb.asm.MethodVisitor::visitFieldInsn (20 bytes)
Event: 34.953 Thread 0x000000001767d000 nmethod 4671 0x000000000395bb10 code [0x000000000395bc80, 0x000000000395bee8]
Event: 34.959 Thread 0x000000001767d000 4672       3       com.google.common.base.Ticker::systemTicker (4 bytes)
Event: 34.959 Thread 0x000000001767d000 nmethod 4672 0x000000000395bfd0 code [0x000000000395c120, 0x000000000395c250]
Event: 34.970 Thread 0x000000001767d000 4673       3       org.gradle.api.internal.DefaultNamedDomainObjectCollection$UnfilteredIndex::getPending (14 bytes)

GC Heap History (10 events):
Event: 15.490 GC heap before
{Heap before GC invocations=6 (full 1):
 PSYoungGen      total 98304K, used 3568K [0x00000000d5580000, 0x00000000dc900000, 0x0000000100000000)
  eden space 94720K, 0% used [0x00000000d5580000,0x00000000d5580000,0x00000000db200000)
  from space 3584K, 99% used [0x00000000db580000,0x00000000db8fc030,0x00000000db900000)
  to   space 11776K, 0% used [0x00000000dbd80000,0x00000000dbd80000,0x00000000dc900000)
 ParOldGen       total 64512K, used 13620K [0x0000000080000000, 0x0000000083f00000, 0x00000000d5580000)
  object space 64512K, 21% used [0x0000000080000000,0x0000000080d4d260,0x0000000083f00000)
 Metaspace       used 20578K, capacity 21236K, committed 21296K, reserved 1067008K
  class space    used 2874K, capacity 3088K, committed 3120K, reserved 1048576K
Event: 15.610 GC heap after
Heap after GC invocations=6 (full 1):
 PSYoungGen      total 98304K, used 0K [0x00000000d5580000, 0x00000000dc900000, 0x0000000100000000)
  eden space 94720K, 0% used [0x00000000d5580000,0x00000000d5580000,0x00000000db200000)
  from space 3584K, 0% used [0x00000000db580000,0x00000000db580000,0x00000000db900000)
  to   space 11776K, 0% used [0x00000000dbd80000,0x00000000dbd80000,0x00000000dc900000)
 ParOldGen       total 58368K, used 14309K [0x0000000080000000, 0x0000000083900000, 0x00000000d5580000)
  object space 58368K, 24% used [0x0000000080000000,0x0000000080df96a8,0x0000000083900000)
 Metaspace       used 20578K, capacity 21236K, committed 21296K, reserved 1067008K
  class space    used 2874K, capacity 3088K, committed 3120K, reserved 1048576K
}
Event: 22.435 GC heap before
{Heap before GC invocations=7 (full 1):
 PSYoungGen      total 98304K, used 94720K [0x00000000d5580000, 0x00000000dc900000, 0x0000000100000000)
  eden space 94720K, 100% used [0x00000000d5580000,0x00000000db200000,0x00000000db200000)
  from space 3584K, 0% used [0x00000000db580000,0x00000000db580000,0x00000000db900000)
  to   space 11776K, 0% used [0x00000000dbd80000,0x00000000dbd80000,0x00000000dc900000)
 ParOldGen       total 58368K, used 14309K [0x0000000080000000, 0x0000000083900000, 0x00000000d5580000)
  object space 58368K, 24% used [0x0000000080000000,0x0000000080df96a8,0x0000000083900000)
 Metaspace       used 30666K, capacity 31392K, committed 31792K, reserved 1077248K
  class space    used 4141K, capacity 4367K, committed 4400K, reserved 1048576K
Event: 22.453 GC heap after
Heap after GC invocations=7 (full 1):
 PSYoungGen      total 104960K, used 10614K [0x00000000d5580000, 0x00000000df880000, 0x0000000100000000)
  eden space 93184K, 0% used [0x00000000d5580000,0x00000000d5580000,0x00000000db080000)
  from space 11776K, 90% used [0x00000000dbd80000,0x00000000dc7ddbe8,0x00000000dc900000)
  to   space 13312K, 0% used [0x00000000db080000,0x00000000db080000,0x00000000dbd80000)
 ParOldGen       total 58368K, used 14317K [0x0000000080000000, 0x0000000083900000, 0x00000000d5580000)
  object space 58368K, 24% used [0x0000000080000000,0x0000000080dfb6a8,0x0000000083900000)
 Metaspace       used 30666K, capacity 31392K, committed 31792K, reserved 1077248K
  class space    used 4141K, capacity 4367K, committed 4400K, reserved 1048576K
}
Event: 24.304 GC heap before
{Heap before GC invocations=8 (full 1):
 PSYoungGen      total 104960K, used 93435K [0x00000000d5580000, 0x00000000df880000, 0x0000000100000000)
  eden space 93184K, 88% used [0x00000000d5580000,0x00000000da661300,0x00000000db080000)
  from space 11776K, 90% used [0x00000000dbd80000,0x00000000dc7ddbe8,0x00000000dc900000)
  to   space 13312K, 0% used [0x00000000db080000,0x00000000db080000,0x00000000dbd80000)
 ParOldGen       total 58368K, used 14317K [0x0000000080000000, 0x0000000083900000, 0x00000000d5580000)
  object space 58368K, 24% used [0x0000000080000000,0x0000000080dfb6a8,0x0000000083900000)
 Metaspace       used 34532K, capacity 35410K, committed 35496K, reserved 1079296K
  class space    used 4731K, capacity 4974K, committed 5040K, reserved 1048576K
Event: 24.317 GC heap after
Heap after GC invocations=8 (full 1):
 PSYoungGen      total 106496K, used 10165K [0x00000000d5580000, 0x00000000df880000, 0x0000000100000000)
  eden space 93184K, 0% used [0x00000000d5580000,0x00000000d5580000,0x00000000db080000)
  from space 13312K, 76% used [0x00000000db080000,0x00000000dba6d6e0,0x00000000dbd80000)
  to   space 14336K, 0% used [0x00000000dea80000,0x00000000dea80000,0x00000000df880000)
 ParOldGen       total 58368K, used 14325K [0x0000000080000000, 0x0000000083900000, 0x00000000d5580000)
  object space 58368K, 24% used [0x0000000080000000,0x0000000080dfd6a8,0x0000000083900000)
 Metaspace       used 34532K, capacity 35410K, committed 35496K, reserved 1079296K
  class space    used 4731K, capacity 4974K, committed 5040K, reserved 1048576K
}
Event: 24.317 GC heap before
{Heap before GC invocations=9 (full 2):
 PSYoungGen      total 106496K, used 10165K [0x00000000d5580000, 0x00000000df880000, 0x0000000100000000)
  eden space 93184K, 0% used [0x00000000d5580000,0x00000000d5580000,0x00000000db080000)
  from space 13312K, 76% used [0x00000000db080000,0x00000000dba6d6e0,0x00000000dbd80000)
  to   space 14336K, 0% used [0x00000000dea80000,0x00000000dea80000,0x00000000df880000)
 ParOldGen       total 58368K, used 14325K [0x0000000080000000, 0x0000000083900000, 0x00000000d5580000)
  object space 58368K, 24% used [0x0000000080000000,0x0000000080dfd6a8,0x0000000083900000)
 Metaspace       used 34532K, capacity 35410K, committed 35496K, reserved 1079296K
  class space    used 4731K, capacity 4974K, committed 5040K, reserved 1048576K
Event: 24.399 GC heap after
Heap after GC invocations=9 (full 2):
 PSYoungGen      total 106496K, used 0K [0x00000000d5580000, 0x00000000df880000, 0x0000000100000000)
  eden space 93184K, 0% used [0x00000000d5580000,0x00000000d5580000,0x00000000db080000)
  from space 13312K, 0% used [0x00000000db080000,0x00000000db080000,0x00000000dbd80000)
  to   space 14336K, 0% used [0x00000000dea80000,0x00000000dea80000,0x00000000df880000)
 ParOldGen       total 80384K, used 16735K [0x0000000080000000, 0x0000000084e80000, 0x00000000d5580000)
  object space 80384K, 20% used [0x0000000080000000,0x0000000081057ec8,0x0000000084e80000)
 Metaspace       used 34532K, capacity 35410K, committed 35496K, reserved 1079296K
  class space    used 4731K, capacity 4974K, committed 5040K, reserved 1048576K
}
Event: 31.270 GC heap before
{Heap before GC invocations=10 (full 2):
 PSYoungGen      total 106496K, used 93184K [0x00000000d5580000, 0x00000000df880000, 0x0000000100000000)
  eden space 93184K, 100% used [0x00000000d5580000,0x00000000db080000,0x00000000db080000)
  from space 13312K, 0% used [0x00000000db080000,0x00000000db080000,0x00000000dbd80000)
  to   space 14336K, 0% used [0x00000000dea80000,0x00000000dea80000,0x00000000df880000)
 ParOldGen       total 80384K, used 16735K [0x0000000080000000, 0x0000000084e80000, 0x00000000d5580000)
  object space 80384K, 20% used [0x0000000080000000,0x0000000081057ec8,0x0000000084e80000)
 Metaspace       used 42799K, capacity 44300K, committed 44592K, reserved 1087488K
  class space    used 5783K, capacity 6128K, committed 6192K, reserved 1048576K
Event: 31.286 GC heap after
Heap after GC invocations=10 (full 2):
 PSYoungGen      total 143872K, used 11930K [0x00000000d5580000, 0x00000000df680000, 0x0000000100000000)
  eden space 131584K, 0% used [0x00000000d5580000,0x00000000d5580000,0x00000000dd600000)
  from space 12288K, 97% used [0x00000000dea80000,0x00000000df626a50,0x00000000df680000)
  to   space 15360K, 0% used [0x00000000dd880000,0x00000000dd880000,0x00000000de780000)
 ParOldGen       total 80384K, used 16743K [0x0000000080000000, 0x0000000084e80000, 0x00000000d5580000)
  object space 80384K, 20% used [0x0000000080000000,0x0000000081059ec8,0x0000000084e80000)
 Metaspace       used 42799K, capacity 44300K, committed 44592K, reserved 1087488K
  class space    used 5783K, capacity 6128K, committed 6192K, reserved 1048576K
}

Deoptimization events (10 events):
Event: 32.102 Thread 0x00000000191ae800 Uncommon trap: reason=unstable_if action=reinterpret pc=0x00000000033f32a8 method=java.util.jar.JarFile.maybeInstantiateVerifier()V @ 4
Event: 33.133 Thread 0x00000000191ae800 Uncommon trap: reason=unstable_if action=reinterpret pc=0x0000000003416670 method=org.gradle.internal.reflect.PropertyAccessorType.of(Ljava/lang/reflect/Method;)Lorg/gradle/internal/reflect/PropertyAccessorType; @ 56
Event: 34.015 Thread 0x00000000191ae800 Uncommon trap: reason=unstable_if action=reinterpret pc=0x00000000037423b0 method=org.gradle.internal.instantiation.generator.AbstractClassGenerator$InjectionAnnotationValidator.validateMethod(Ljava/lang/reflect/Method;Lorg/gradle/internal/reflect/Propert
Event: 34.015 Thread 0x00000000191ae800 Uncommon trap: reason=unstable_if action=reinterpret pc=0x00000000037430b0 method=org.gradle.internal.instantiation.generator.AbstractClassGenerator$InjectionAnnotationValidator.validateMethod(Ljava/lang/reflect/Method;Lorg/gradle/internal/reflect/Propert
Event: 34.079 Thread 0x00000000191ae800 Uncommon trap: reason=unstable_if action=reinterpret pc=0x00000000035fe024 method=org.codehaus.groovy.runtime.metaclass.MetaMethodIndex.isNonRealMethod(Lgroovy/lang/MetaMethod;)Z @ 4
Event: 34.079 Thread 0x00000000191ae800 Uncommon trap: reason=unstable_if action=reinterpret pc=0x0000000003449088 method=groovy.lang.MetaClassImpl$1MOPIter.methodNameAction(Ljava/lang/Class;Lorg/codehaus/groovy/runtime/metaclass/MetaMethodIndex$Entry;)V @ 182
Event: 34.085 Thread 0x00000000191ae800 Uncommon trap: reason=class_check action=maybe_recompile pc=0x00000000035cb828 method=org.codehaus.groovy.reflection.ParameterTypes.getParametersTypes0()V @ 16
Event: 34.110 Thread 0x00000000191ae800 Uncommon trap: reason=unstable_if action=reinterpret pc=0x0000000003746238 method=java.lang.ClassLoader.checkCerts(Ljava/lang/String;Ljava/security/CodeSource;)V @ 29
Event: 34.110 Thread 0x00000000191ae800 Uncommon trap: reason=unstable_if action=reinterpret pc=0x00000000037411f4 method=java.lang.ClassLoader.defineClassSourceLocation(Ljava/security/ProtectionDomain;)Ljava/lang/String; @ 8
Event: 34.441 Thread 0x00000000191ae800 Uncommon trap: reason=class_check action=maybe_recompile pc=0x000000000314f368 method=java.util.WeakHashMap.eq(Ljava/lang/Object;Ljava/lang/Object;)Z @ 7

Classes redefined (0 events):
No events

Internal exceptions (10 events):
Event: 34.548 Thread 0x00000000191ae800 Exception <a 'java/lang/ClassNotFoundException': org/gradle/api/internal/file/AbstractFileCollectionBeanInfo> (0x00000000db8a4120) thrown at [C:\src\AOSP-openjdk-git\hotspot\src\share\vm\classfile\systemDictionary.cpp, line 210]
Event: 34.548 Thread 0x00000000191ae800 Exception <a 'java/lang/ClassNotFoundException': org/gradle/api/internal/file/AbstractFileCollectionCustomizer> (0x00000000db8e3b08) thrown at [C:\src\AOSP-openjdk-git\hotspot\src\share\vm\classfile\systemDictionary.cpp, line 210]
Event: 34.549 Thread 0x00000000191ae800 Exception <a 'java/lang/ClassNotFoundException': org/gradle/api/internal/file/CompositeFileCollectionCustomizer> (0x00000000db934660) thrown at [C:\src\AOSP-openjdk-git\hotspot\src\share\vm\classfile\systemDictionary.cpp, line 210]
Event: 34.550 Thread 0x00000000191ae800 Exception <a 'java/lang/ClassNotFoundException': org/gradle/api/internal/file/CompositeFileTreeCustomizer> (0x00000000db97f010) thrown at [C:\src\AOSP-openjdk-git\hotspot\src\share\vm\classfile\systemDictionary.cpp, line 210]
Event: 34.551 Thread 0x00000000191ae800 Exception <a 'java/lang/ClassNotFoundException': org/gradle/api/internal/file/collections/DefaultConfigurableFileTreeCustomizer> (0x00000000db9d6078) thrown at [C:\src\AOSP-openjdk-git\hotspot\src\share\vm\classfile\systemDictionary.cpp, line 210]
Event: 34.918 Thread 0x00000000191ae800 Exception <a 'java/lang/ClassNotFoundException': org/gradle/api/plugins/internal/DefaultBasePluginConventionBeanInfo> (0x00000000dc143238) thrown at [C:\src\AOSP-openjdk-git\hotspot\src\share\vm\classfile\systemDictionary.cpp, line 210]
Event: 34.919 Thread 0x00000000191ae800 Exception <a 'java/lang/ClassNotFoundException': org/gradle/api/plugins/BasePluginConventionBeanInfo> (0x00000000dc16eca0) thrown at [C:\src\AOSP-openjdk-git\hotspot\src\share\vm\classfile\systemDictionary.cpp, line 210]
Event: 34.919 Thread 0x00000000191ae800 Exception <a 'java/lang/ClassNotFoundException': org/gradle/api/plugins/BasePluginConventionCustomizer> (0x00000000dc19ae40) thrown at [C:\src\AOSP-openjdk-git\hotspot\src\share\vm\classfile\systemDictionary.cpp, line 210]
Event: 34.921 Thread 0x00000000191ae800 Exception <a 'java/lang/ClassNotFoundException': org/gradle/api/plugins/internal/DefaultBasePluginConventionCustomizer> (0x00000000dc1e46a0) thrown at [C:\src\AOSP-openjdk-git\hotspot\src\share\vm\classfile\systemDictionary.cpp, line 210]
Event: 34.930 Thread 0x00000000191ae800 Exception <a 'java/lang/NoSuchMethodError': java.lang.Object.lambda$comparingInt$7b0bb60$1(Ljava/util/function/ToIntFunction;Ljava/lang/Object;Ljava/lang/Object;)I> (0x00000000dc256a38) thrown at [C:\src\AOSP-openjdk-git\hotspot\src\share\vm\interpreter\l

Events (10 events):
Event: 34.957 loading class com/android/build/api/attributes/ProductFlavorAttr
Event: 34.958 loading class com/android/build/api/attributes/ProductFlavorAttr done
Event: 34.958 loading class org/gradle/api/model/ObjectFactory
Event: 34.958 loading class org/gradle/api/model/ObjectFactory done
Event: 34.959 loading class org/gradle/api/attributes/Usage
Event: 34.959 loading class org/gradle/api/attributes/Usage done
Event: 34.960 loading class com/android/builder/errors/IssueReporter$Type
Event: 34.960 loading class com/android/builder/errors/IssueReporter$Type done
Event: 34.970 loading class org/gradle/api/artifacts/ResolutionStrategy$SortOrder
Event: 34.970 loading class org/gradle/api/artifacts/ResolutionStrategy$SortOrder done


Dynamic libraries:
0x00007ff7a6dd0000 - 0x00007ff7a6e01000 	C:\Program Files\Android\Android Studio\jre\bin\java.exe
0x00007fffd8c50000 - 0x00007fffd8e46000 	C:\WINDOWS\SYSTEM32\ntdll.dll
0x00007fffd80f0000 - 0x00007fffd81ad000 	C:\WINDOWS\System32\KERNEL32.DLL
0x00007fffd6540000 - 0x00007fffd6808000 	C:\WINDOWS\System32\KERNELBASE.dll
0x00007fffd8040000 - 0x00007fffd80ea000 	C:\WINDOWS\System32\ADVAPI32.dll
0x00007fffd8b70000 - 0x00007fffd8c0e000 	C:\WINDOWS\System32\msvcrt.dll
0x00007fffd6cc0000 - 0x00007fffd6d5b000 	C:\WINDOWS\System32\sechost.dll
0x00007fffd8430000 - 0x00007fffd8554000 	C:\WINDOWS\System32\RPCRT4.dll
0x00007fffd6e50000 - 0x00007fffd6ff0000 	C:\WINDOWS\System32\USER32.dll
0x00007fffd6510000 - 0x00007fffd6532000 	C:\WINDOWS\System32\win32u.dll
0x00007fffd81c0000 - 0x00007fffd81ea000 	C:\WINDOWS\System32\GDI32.dll
0x00007fffd63a0000 - 0x00007fffd64a9000 	C:\WINDOWS\System32\gdi32full.dll
0x00007fffd6ba0000 - 0x00007fffd6c3d000 	C:\WINDOWS\System32\msvcp_win.dll
0x00007fffd6a20000 - 0x00007fffd6b20000 	C:\WINDOWS\System32\ucrtbase.dll
0x00007fffce5b0000 - 0x00007fffce84b000 	C:\WINDOWS\WinSxS\amd64_microsoft.windows.common-controls_6595b64144ccf1df_6.0.19041.488_none_ca04af081b815d21\COMCTL32.dll
0x00007fffd8010000 - 0x00007fffd8040000 	C:\WINDOWS\System32\IMM32.DLL
0x000000005e5d0000 - 0x000000005e6a2000 	C:\Program Files\Android\Android Studio\jre\jre\bin\msvcr100.dll
0x000000005e790000 - 0x000000005efdb000 	C:\Program Files\Android\Android Studio\jre\jre\bin\server\jvm.dll
0x00007fffd81b0000 - 0x00007fffd81b8000 	C:\WINDOWS\System32\PSAPI.DLL
0x00007fffcde80000 - 0x00007fffcde8a000 	C:\WINDOWS\SYSTEM32\VERSION.dll
0x00007fffc2f00000 - 0x00007fffc2f27000 	C:\WINDOWS\SYSTEM32\WINMM.dll
0x00007fffc4200000 - 0x00007fffc4209000 	C:\WINDOWS\SYSTEM32\WSOCK32.dll
0x00007fffd8b00000 - 0x00007fffd8b6b000 	C:\WINDOWS\System32\ws2_32.DLL
0x00007fffd1bc0000 - 0x00007fffd1bcf000 	C:\Program Files\Android\Android Studio\jre\jre\bin\verify.dll
0x00007fffc78e0000 - 0x00007fffc7909000 	C:\Program Files\Android\Android Studio\jre\jre\bin\java.dll
0x00007fffc9fc0000 - 0x00007fffc9fd6000 	C:\Program Files\Android\Android Studio\jre\jre\bin\zip.dll
0x00007fffd7050000 - 0x00007fffd7790000 	C:\WINDOWS\System32\SHELL32.dll
0x00007fffd44f0000 - 0x00007fffd4c84000 	C:\WINDOWS\SYSTEM32\windows.storage.dll
0x00007fffd78a0000 - 0x00007fffd7bf5000 	C:\WINDOWS\System32\combase.dll
0x00007fffd5e10000 - 0x00007fffd5e3c000 	C:\WINDOWS\SYSTEM32\Wldp.dll
0x00007fffd7c90000 - 0x00007fffd7d3e000 	C:\WINDOWS\System32\SHCORE.dll
0x00007fffd6ff0000 - 0x00007fffd7045000 	C:\WINDOWS\System32\shlwapi.dll
0x00007fffd62d0000 - 0x00007fffd62f6000 	C:\WINDOWS\SYSTEM32\profapi.dll
0x00007fffc78c0000 - 0x00007fffc78da000 	C:\Program Files\Android\Android Studio\jre\jre\bin\net.dll
0x00007fffd5b90000 - 0x00007fffd5bfa000 	C:\WINDOWS\system32\mswsock.dll
0x00007fffc0c10000 - 0x00007fffc0c23000 	C:\Program Files\Android\Android Studio\jre\jre\bin\nio.dll
0x00007fffd00c0000 - 0x00007fffd00e6000 	C:\Users\roberto escobar\.gradle\native\31\windows-amd64\native-platform.dll
0x00007fffd01b0000 - 0x00007fffd01bd000 	C:\Program Files\Android\Android Studio\jre\jre\bin\management.dll
0x00007fffd5d60000 - 0x00007fffd5d78000 	C:\WINDOWS\SYSTEM32\CRYPTSP.dll
0x00007fffd54b0000 - 0x00007fffd54e4000 	C:\WINDOWS\system32\rsaenh.dll
0x00007fffd6c90000 - 0x00007fffd6cb7000 	C:\WINDOWS\System32\bcrypt.dll
0x00007fffd6250000 - 0x00007fffd627e000 	C:\WINDOWS\SYSTEM32\USERENV.dll
0x00007fffd6b20000 - 0x00007fffd6b9f000 	C:\WINDOWS\System32\bcryptprimitives.dll
0x00007fffd5d80000 - 0x00007fffd5d8c000 	C:\WINDOWS\SYSTEM32\CRYPTBASE.dll
0x00007fffd5830000 - 0x00007fffd586b000 	C:\WINDOWS\SYSTEM32\IPHLPAPI.DLL
0x00007fffd81f0000 - 0x00007fffd81f9000 	C:\WINDOWS\System32\NSI.dll
0x00007fffcde90000 - 0x00007fffcdea7000 	C:\WINDOWS\SYSTEM32\dhcpcsvc6.DLL
0x00007fffcdc00000 - 0x00007fffcdc1d000 	C:\WINDOWS\SYSTEM32\dhcpcsvc.DLL
0x00007fffd58d0000 - 0x00007fffd599b000 	C:\WINDOWS\SYSTEM32\DNSAPI.dll

VM Arguments:
jvm_args: -Xmx2048m -Dfile.encoding=windows-1252 -Duser.country=CO -Duser.language=es -Duser.variant 
java_command: org.gradle.launcher.daemon.bootstrap.GradleDaemon 6.1.1
java_class_path (initial): C:\Users\roberto escobar\.gradle\wrapper\dists\gradle-6.1.1-all\cfmwm155h49vnt3hynmlrsdst\gradle-6.1.1\lib\gradle-launcher-6.1.1.jar
Launcher Type: SUN_STANDARD

Environment Variables:
PATH=C:\Program Files (x86)\Common Files\Oracle\Java\javapath;C:\ProgramData\Oracle\Java\javapath;C:\Program Files (x86)\Intel\iCLS Client\;C:\Program Files\Intel\iCLS Client\;C:\WINDOWS\system32;C:\WINDOWS;C:\WINDOWS\System32\Wbem;C:\WINDOWS\System32\WindowsPowerShell\v1.0\;C:\Program Files\Intel\Intel(R) Management Engine Components\DAL;C:\Program Files\Intel\Intel(R) Management Engine Components\IPT;C:\Program Files (x86)\Intel\Intel(R) Management Engine Components\DAL;C:\Program Files (x86)\Intel\Intel(R) Management Engine Components\IPT;C:\Program Files (x86)\Intel\OpenCL SDK\2.0\bin\x86;C:\Program Files (x86)\Intel\OpenCL SDK\2.0\bin\x64;C:\Program Files\Lenovo\Bluetooth Software\;C:\Program Files\Lenovo\Bluetooth Software\syswow64;C:\Program Files\Intel\WiFi\bin\;C:\Program Files\Common Files\Intel\WirelessCommon\;C:\Program Files (x86)\Windows Live\Shared;C:\Program Files (x86)\Xuggle\bin;C:\WINDOWS\System32\OpenSSH\;C:\WINDOWS\system32\config\systemprofile\.dnx\bin;C:\Program Files\Microsoft DNX\Dnvm\;C:\Program Files\Microsoft SQL Server\130\Tools\Binn\;C:\Program Files\Microsoft SQL Server\Client SDK\ODBC\130\Tools\Binn\;C:\Program Files (x86)\Microsoft SQL Server\140\Tools\Binn\;C:\Program Files\Microsoft SQL Server\140\Tools\Binn\;C:\Program Files\Microsoft SQL Server\140\DTS\Binn\;C:\Program Files (x86)\Microsoft SQL Server\Client SDK\ODBC\130\Tools\Binn\;C:\Program Files (x86)\Microsoft SQL Server\140\DTS\Binn\;C:\Program Files (x86)\Microsoft SQL Server\140\Tools\Binn\ManagementStudio\;C:\Program Files\Microsoft SQL Server\120\Tools\Binn\;C:\Program Files\Git\cmd;C:\Program Files\nodejs\;C:\Users\roberto escobar\AppData\Local\Microsoft\WindowsApps;C:\Users\roberto escobar\AppData\Local\Programs\Microsoft VS Code\bin;C:\Users\roberto escobar\AppData\Roaming\npm;
USERNAME=Roberto Escobar
OS=Windows_NT
PROCESSOR_IDENTIFIER=Intel64 Family 6 Model 58 Stepping 9, GenuineIntel



---------------  S Y S T E M  ---------------

OS: Windows 10.0 , 64 bit Build 19041 (10.0.19041.546)

CPU:total 4 (initial active 4) (2 cores per cpu, 2 threads per core) family 6 model 58 stepping 9, cmov, cx8, fxsr, mmx, sse, sse2, sse3, ssse3, sse4.1, sse4.2, popcnt, avx, clmul, erms, ht, tsc, tscinvbit, tscinv

Memory: 4k page, physical 6149028k(406328k free), swap 6149028k(5736k free)

vm_info: OpenJDK 64-Bit Server VM (25.242-b01) for windows-amd64 JRE (1.8.0_242-release-1644-b01), built by "builder" with MS VC++ 10.0 (VS2010)

time: Thu Nov 12 17:37:17 2020
timezone: Hora est. Pacífico, Sudamérica
elapsed time: 35 seconds (0d 0h 0m 35s)

